온갖
꽃
않았어
그건
처럼
처녀
얻은
괴롭히고
생활
하고
그럼
.
비밀
하잖아
어떻게
하는데
게
될
!
길들이렴
의
길들인
지구
한테
놀
려고
잊어버렸어
아
다르게
엔
...
이리
닭
뜻
정말
은
해
도대체
가
관계
보이지
밀밭
지겨워
없지
수
추지
까지나
없어
말
그래
해야
만
갖고
네
눈
생각날
대단하군
을
싶은데
참
사과나무
언제
생긴다는
위엔
친구
를
나를
,
이거야
시간
참을성
미안해
그
어떤
아니
이
뭐
그거
저
있어야
무슨
사람
있겠지
그러구
지
진실
이야
싶지
나하
맞아
있어
전혀
이란
의례
금빛
길들여
내
대해
있으니까
그럴
안
나
햇빛
이지
목요일
무척
같아
모두
여우야
여기
찾고
그런데
와서
너
길들여진다는
들
저기
안녕
별
중요한
그래서
에
밑
춤
책임
싶다면
잘못
?
는
넌
고
무얼
누구
잊으면
사냥꾼
색깔
길들이면
뭘
것
줘
돼
있지
과
거지
하나
날
신나는
좀
잘
눈부시게
장미
난
생긴다구
않는다
다른
놀자
마을
예쁘구나
그러나
울
있니
보면
거야
에도
제발
만드는
<start>
<end>
<pad>
<%>
